/capstor/scratch/cscs/ybudanaz/dace/dace/codegen/targets/cuda.py:1873: UserWarning: No `gpu_block_size` property specified on map "kernel_21". Falling back to the configuration entry `compiler.cuda.default_block_size`: 64,1,1. You can either specify the block size to use with the gpu_block_size property, or by adding nested `GPU_ThreadBlock` maps, which map work to individual threads. For more information, see https://spcldace.readthedocs.io/en/latest/optimization/gpu.html
  warnings.warn(
/capstor/scratch/cscs/ybudanaz/dace/dace/codegen/targets/cuda.py:1873: UserWarning: No `gpu_block_size` property specified on map "transpose_impl". Falling back to the configuration entry `compiler.cuda.default_block_size`: 64,1,1. You can either specify the block size to use with the gpu_block_size property, or by adding nested `GPU_ThreadBlock` maps, which map work to individual threads. For more information, see https://spcldace.readthedocs.io/en/latest/optimization/gpu.html
  warnings.warn(
Traceback (most recent call last):
  File "/capstor/scratch/cscs/ybudanaz/dace/dace/codegen/compiler.py", line 245, in configure_and_compile
    _run_liveoutput("cmake --build . --config %s" % (Config.get('compiler', 'build_type')),
  File "/capstor/scratch/cscs/ybudanaz/dace/dace/codegen/compiler.py", line 429, in _run_liveoutput
    raise subprocess.CalledProcessError(process.returncode, command, output.getvalue())
subprocess.CalledProcessError: Command 'cmake --build . --config RelWithDebInfo' returned non-zero exit status 2.

During handling of the above exception, another exception occurred:

Traceback (most recent call last):
  File "/capstor/scratch/cscs/ybudanaz/LayoutArtifacts/SemiStructuredStencil/unstructured_stencil_3d_u_s_u_v2_dace_v2.py", line 227, in <module>
    tsdfg(vals_A=vals_A3, vals_B=vals_B3, neighbors=neighbors, N=_N, TSTEPS=_TSTEPS)
  File "/capstor/scratch/cscs/ybudanaz/dace/dace/sdfg/sdfg.py", line 2472, in __call__
    binaryobj = sdfg.compile()
                ^^^^^^^^^^^^^^
  File "/capstor/scratch/cscs/ybudanaz/dace/dace/sdfg/sdfg.py", line 2396, in compile
    shared_library = compiler.configure_and_compile(program_folder, sdfg.name)
                     ^^^^^^^^^^^^^^^^^^^^^^^^^^^^^^^^^^^^^^^^^^^^^^^^^^^^^^^^^
  File "/capstor/scratch/cscs/ybudanaz/dace/dace/codegen/compiler.py", line 254, in configure_and_compile
    raise cgx.CompilationError('Compiler failure:\n' + ex.output)
dace.codegen.exceptions.CompilationError: Compiler failure:
[ 20%] Building CXX object CMakeFiles/kernel_transposed.dir/capstor/scratch/cscs/ybudanaz/LayoutArtifacts/SemiStructuredStencil/.dacecache/kernel_transposed_22ad55a230148b401762e8e04f3933fd/src/cpu/kernel_transposed.cpp.o
/capstor/scratch/cscs/ybudanaz/LayoutArtifacts/SemiStructuredStencil/.dacecache/kernel_transposed_22ad55a230148b401762e8e04f3933fd/src/cpu/kernel_transposed.cpp:35:9: warning: ignoring return value of function declared with 'nodiscard' attribute [-Wunused-result]
   35 |         hipEventCreate(&__dace_ev_b0_1_2);
      |         ^~~~~~~~~~~~~~ ~~~~~~~~~~~~~~~~~
/capstor/scratch/cscs/ybudanaz/LayoutArtifacts/SemiStructuredStencil/.dacecache/kernel_transposed_22ad55a230148b401762e8e04f3933fd/src/cpu/kernel_transposed.cpp:37:9: warning: ignoring return value of function declared with 'nodiscard' attribute [-Wunused-result]
   37 |         hipEventCreate(&__dace_ev_e0_1_2);
      |         ^~~~~~~~~~~~~~ ~~~~~~~~~~~~~~~~~
/capstor/scratch/cscs/ybudanaz/LayoutArtifacts/SemiStructuredStencil/.dacecache/kernel_transposed_22ad55a230148b401762e8e04f3933fd/src/cpu/kernel_transposed.cpp:39:9: warning: ignoring return value of function declared with 'nodiscard' attribute [-Wunused-result]
   39 |         hipEventCreate(&__dace_ev_b0_1_7);
      |         ^~~~~~~~~~~~~~ ~~~~~~~~~~~~~~~~~
/capstor/scratch/cscs/ybudanaz/LayoutArtifacts/SemiStructuredStencil/.dacecache/kernel_transposed_22ad55a230148b401762e8e04f3933fd/src/cpu/kernel_transposed.cpp:41:9: warning: ignoring return value of function declared with 'nodiscard' attribute [-Wunused-result]
   41 |         hipEventCreate(&__dace_ev_e0_1_7);
      |         ^~~~~~~~~~~~~~ ~~~~~~~~~~~~~~~~~
/capstor/scratch/cscs/ybudanaz/LayoutArtifacts/SemiStructuredStencil/.dacecache/kernel_transposed_22ad55a230148b401762e8e04f3933fd/src/cpu/kernel_transposed.cpp:42:9: warning: ignoring return value of function declared with 'nodiscard' attribute [-Wunused-result]
   42 |         hipEventRecord(__dace_ev_b0_1_2, __state->gpu_context->streams[0]);
      |         ^~~~~~~~~~~~~~ ~~~~~~~~~~~~~~~~~~~~~~~~~~~~~~~~~~~~~~~~~~~~~~~~~~
/capstor/scratch/cscs/ybudanaz/LayoutArtifacts/SemiStructuredStencil/.dacecache/kernel_transposed_22ad55a230148b401762e8e04f3933fd/src/cpu/kernel_transposed.cpp:44:9: warning: ignoring return value of function declared with 'nodiscard' attribute [-Wunused-result]
   44 |         hipEventRecord(__dace_ev_e0_1_2, __state->gpu_context->streams[0]);
      |         ^~~~~~~~~~~~~~ ~~~~~~~~~~~~~~~~~~~~~~~~~~~~~~~~~~~~~~~~~~~~~~~~~~
/capstor/scratch/cscs/ybudanaz/LayoutArtifacts/SemiStructuredStencil/.dacecache/kernel_transposed_22ad55a230148b401762e8e04f3933fd/src/cpu/kernel_transposed.cpp:46:9: warning: ignoring return value of function declared with 'nodiscard' attribute [-Wunused-result]
   46 |         hipEventSynchronize(__dace_ev_e0_1_2);
      |         ^~~~~~~~~~~~~~~~~~~ ~~~~~~~~~~~~~~~~
/capstor/scratch/cscs/ybudanaz/LayoutArtifacts/SemiStructuredStencil/.dacecache/kernel_transposed_22ad55a230148b401762e8e04f3933fd/src/cpu/kernel_transposed.cpp:47:9: warning: ignoring return value of function declared with 'nodiscard' attribute [-Wunused-result]
   47 |         hipEventElapsedTime(&__dace_ms_0_1_2, __dace_ev_b0_1_2, __dace_ev_e0_1_2);
      |         ^~~~~~~~~~~~~~~~~~~ ~~~~~~~~~~~~~~~~~~~~~~~~~~~~~~~~~~~~~~~~~~~~~~~~~~~~
/capstor/scratch/cscs/ybudanaz/LayoutArtifacts/SemiStructuredStencil/.dacecache/kernel_transposed_22ad55a230148b401762e8e04f3933fd/src/cpu/kernel_transposed.cpp:52:9: warning: ignoring return value of function declared with 'nodiscard' attribute [-Wunused-result]
   52 |         hipEventRecord(__dace_ev_b0_1_7, __state->gpu_context->streams[1]);
      |         ^~~~~~~~~~~~~~ ~~~~~~~~~~~~~~~~~~~~~~~~~~~~~~~~~~~~~~~~~~~~~~~~~~
/capstor/scratch/cscs/ybudanaz/LayoutArtifacts/SemiStructuredStencil/.dacecache/kernel_transposed_22ad55a230148b401762e8e04f3933fd/src/cpu/kernel_transposed.cpp:54:9: warning: ignoring return value of function declared with 'nodiscard' attribute [-Wunused-result]
   54 |         hipEventRecord(__dace_ev_e0_1_7, __state->gpu_context->streams[1]);
      |         ^~~~~~~~~~~~~~ ~~~~~~~~~~~~~~~~~~~~~~~~~~~~~~~~~~~~~~~~~~~~~~~~~~
/capstor/scratch/cscs/ybudanaz/LayoutArtifacts/SemiStructuredStencil/.dacecache/kernel_transposed_22ad55a230148b401762e8e04f3933fd/src/cpu/kernel_transposed.cpp:56:9: warning: ignoring return value of function declared with 'nodiscard' attribute [-Wunused-result]
   56 |         hipEventSynchronize(__dace_ev_e0_1_7);
      |         ^~~~~~~~~~~~~~~~~~~ ~~~~~~~~~~~~~~~~
/capstor/scratch/cscs/ybudanaz/LayoutArtifacts/SemiStructuredStencil/.dacecache/kernel_transposed_22ad55a230148b401762e8e04f3933fd/src/cpu/kernel_transposed.cpp:57:9: warning: ignoring return value of function declared with 'nodiscard' attribute [-Wunused-result]
   57 |         hipEventElapsedTime(&__dace_ms_0_1_7, __dace_ev_b0_1_7, __dace_ev_e0_1_7);
      |         ^~~~~~~~~~~~~~~~~~~ ~~~~~~~~~~~~~~~~~~~~~~~~~~~~~~~~~~~~~~~~~~~~~~~~~~~~
/capstor/scratch/cscs/ybudanaz/LayoutArtifacts/SemiStructuredStencil/.dacecache/kernel_transposed_22ad55a230148b401762e8e04f3933fd/src/cpu/kernel_transposed.cpp:65:9: warning: ignoring return value of function declared with 'nodiscard' attribute [-Wunused-result]
   65 |         hipEventDestroy(__dace_ev_b0_1_2);
      |         ^~~~~~~~~~~~~~~ ~~~~~~~~~~~~~~~~
/capstor/scratch/cscs/ybudanaz/LayoutArtifacts/SemiStructuredStencil/.dacecache/kernel_transposed_22ad55a230148b401762e8e04f3933fd/src/cpu/kernel_transposed.cpp:66:9: warning: ignoring return value of function declared with 'nodiscard' attribute [-Wunused-result]
   66 |         hipEventDestroy(__dace_ev_e0_1_2);
      |         ^~~~~~~~~~~~~~~ ~~~~~~~~~~~~~~~~
/capstor/scratch/cscs/ybudanaz/LayoutArtifacts/SemiStructuredStencil/.dacecache/kernel_transposed_22ad55a230148b401762e8e04f3933fd/src/cpu/kernel_transposed.cpp:67:9: warning: ignoring return value of function declared with 'nodiscard' attribute [-Wunused-result]
   67 |         hipEventDestroy(__dace_ev_b0_1_7);
      |         ^~~~~~~~~~~~~~~ ~~~~~~~~~~~~~~~~
/capstor/scratch/cscs/ybudanaz/LayoutArtifacts/SemiStructuredStencil/.dacecache/kernel_transposed_22ad55a230148b401762e8e04f3933fd/src/cpu/kernel_transposed.cpp:68:9: warning: ignoring return value of function declared with 'nodiscard' attribute [-Wunused-result]
   68 |         hipEventDestroy(__dace_ev_e0_1_7);
      |         ^~~~~~~~~~~~~~~ ~~~~~~~~~~~~~~~~
/capstor/scratch/cscs/ybudanaz/LayoutArtifacts/SemiStructuredStencil/.dacecache/kernel_transposed_22ad55a230148b401762e8e04f3933fd/src/cpu/kernel_transposed.cpp:75:13: warning: ignoring return value of function declared with 'nodiscard' attribute [-Wunused-result]
   75 |             hipEventCreate(&__dace_ev_b1_0_0);
      |             ^~~~~~~~~~~~~~ ~~~~~~~~~~~~~~~~~
/capstor/scratch/cscs/ybudanaz/LayoutArtifacts/SemiStructuredStencil/.dacecache/kernel_transposed_22ad55a230148b401762e8e04f3933fd/src/cpu/kernel_transposed.cpp:77:13: warning: ignoring return value of function declared with 'nodiscard' attribute [-Wunused-result]
   77 |             hipEventCreate(&__dace_ev_e1_0_0);
      |             ^~~~~~~~~~~~~~ ~~~~~~~~~~~~~~~~~
/capstor/scratch/cscs/ybudanaz/LayoutArtifacts/SemiStructuredStencil/.dacecache/kernel_transposed_22ad55a230148b401762e8e04f3933fd/src/cpu/kernel_transposed.cpp:78:13: warning: ignoring return value of function declared with 'nodiscard' attribute [-Wunused-result]
   78 |             hipEventRecord(__dace_ev_b1_0_0, __state->gpu_context->streams[0]);
      |             ^~~~~~~~~~~~~~ ~~~~~~~~~~~~~~~~~~~~~~~~~~~~~~~~~~~~~~~~~~~~~~~~~~
/capstor/scratch/cscs/ybudanaz/LayoutArtifacts/SemiStructuredStencil/.dacecache/kernel_transposed_22ad55a230148b401762e8e04f3933fd/src/cpu/kernel_transposed.cpp:80:13: warning: ignoring return value of function declared with 'nodiscard' attribute [-Wunused-result]
   80 |             hipEventRecord(__dace_ev_e1_0_0, __state->gpu_context->streams[0]);
      |             ^~~~~~~~~~~~~~ ~~~~~~~~~~~~~~~~~~~~~~~~~~~~~~~~~~~~~~~~~~~~~~~~~~
/capstor/scratch/cscs/ybudanaz/LayoutArtifacts/SemiStructuredStencil/.dacecache/kernel_transposed_22ad55a230148b401762e8e04f3933fd/src/cpu/kernel_transposed.cpp:82:13: warning: ignoring return value of function declared with 'nodiscard' attribute [-Wunused-result]
   82 |             hipEventSynchronize(__dace_ev_e1_0_0);
      |             ^~~~~~~~~~~~~~~~~~~ ~~~~~~~~~~~~~~~~
/capstor/scratch/cscs/ybudanaz/LayoutArtifacts/SemiStructuredStencil/.dacecache/kernel_transposed_22ad55a230148b401762e8e04f3933fd/src/cpu/kernel_transposed.cpp:83:13: warning: ignoring return value of function declared with 'nodiscard' attribute [-Wunused-result]
   83 |             hipEventElapsedTime(&__dace_ms_1_0_0, __dace_ev_b1_0_0, __dace_ev_e1_0_0);
      |             ^~~~~~~~~~~~~~~~~~~ ~~~~~~~~~~~~~~~~~~~~~~~~~~~~~~~~~~~~~~~~~~~~~~~~~~~~
/capstor/scratch/cscs/ybudanaz/LayoutArtifacts/SemiStructuredStencil/.dacecache/kernel_transposed_22ad55a230148b401762e8e04f3933fd/src/cpu/kernel_transposed.cpp:90:13: warning: ignoring return value of function declared with 'nodiscard' attribute [-Wunused-result]
   90 |             hipEventDestroy(__dace_ev_b1_0_0);
      |             ^~~~~~~~~~~~~~~ ~~~~~~~~~~~~~~~~
/capstor/scratch/cscs/ybudanaz/LayoutArtifacts/SemiStructuredStencil/.dacecache/kernel_transposed_22ad55a230148b401762e8e04f3933fd/src/cpu/kernel_transposed.cpp:91:13: warning: ignoring return value of function declared with 'nodiscard' attribute [-Wunused-result]
   91 |             hipEventDestroy(__dace_ev_e1_0_0);
      |             ^~~~~~~~~~~~~~~ ~~~~~~~~~~~~~~~~
/capstor/scratch/cscs/ybudanaz/LayoutArtifacts/SemiStructuredStencil/.dacecache/kernel_transposed_22ad55a230148b401762e8e04f3933fd/src/cpu/kernel_transposed.cpp:99:9: warning: ignoring return value of function declared with 'nodiscard' attribute [-Wunused-result]
   99 |         hipEventCreate(&__dace_ev_b0_2_2);
      |         ^~~~~~~~~~~~~~ ~~~~~~~~~~~~~~~~~
/capstor/scratch/cscs/ybudanaz/LayoutArtifacts/SemiStructuredStencil/.dacecache/kernel_transposed_22ad55a230148b401762e8e04f3933fd/src/cpu/kernel_transposed.cpp:101:9: warning: ignoring return value of function declared with 'nodiscard' attribute [-Wunused-result]
  101 |         hipEventCreate(&__dace_ev_e0_2_2);
      |         ^~~~~~~~~~~~~~ ~~~~~~~~~~~~~~~~~
/capstor/scratch/cscs/ybudanaz/LayoutArtifacts/SemiStructuredStencil/.dacecache/kernel_transposed_22ad55a230148b401762e8e04f3933fd/src/cpu/kernel_transposed.cpp:103:9: warning: ignoring return value of function declared with 'nodiscard' attribute [-Wunused-result]
  103 |         hipEventCreate(&__dace_ev_b0_2_7);
      |         ^~~~~~~~~~~~~~ ~~~~~~~~~~~~~~~~~
/capstor/scratch/cscs/ybudanaz/LayoutArtifacts/SemiStructuredStencil/.dacecache/kernel_transposed_22ad55a230148b401762e8e04f3933fd/src/cpu/kernel_transposed.cpp:105:9: warning: ignoring return value of function declared with 'nodiscard' attribute [-Wunused-result]
  105 |         hipEventCreate(&__dace_ev_e0_2_7);
      |         ^~~~~~~~~~~~~~ ~~~~~~~~~~~~~~~~~
/capstor/scratch/cscs/ybudanaz/LayoutArtifacts/SemiStructuredStencil/.dacecache/kernel_transposed_22ad55a230148b401762e8e04f3933fd/src/cpu/kernel_transposed.cpp:106:9: warning: ignoring return value of function declared with 'nodiscard' attribute [-Wunused-result]
  106 |         hipEventRecord(__dace_ev_b0_2_2, __state->gpu_context->streams[0]);
      |         ^~~~~~~~~~~~~~ ~~~~~~~~~~~~~~~~~~~~~~~~~~~~~~~~~~~~~~~~~~~~~~~~~~
/capstor/scratch/cscs/ybudanaz/LayoutArtifacts/SemiStructuredStencil/.dacecache/kernel_transposed_22ad55a230148b401762e8e04f3933fd/src/cpu/kernel_transposed.cpp:108:9: warning: ignoring return value of function declared with 'nodiscard' attribute [-Wunused-result]
  108 |         hipEventRecord(__dace_ev_e0_2_2, __state->gpu_context->streams[0]);
      |         ^~~~~~~~~~~~~~ ~~~~~~~~~~~~~~~~~~~~~~~~~~~~~~~~~~~~~~~~~~~~~~~~~~
/capstor/scratch/cscs/ybudanaz/LayoutArtifacts/SemiStructuredStencil/.dacecache/kernel_transposed_22ad55a230148b401762e8e04f3933fd/src/cpu/kernel_transposed.cpp:110:9: warning: ignoring return value of function declared with 'nodiscard' attribute [-Wunused-result]
  110 |         hipEventSynchronize(__dace_ev_e0_2_2);
      |         ^~~~~~~~~~~~~~~~~~~ ~~~~~~~~~~~~~~~~
/capstor/scratch/cscs/ybudanaz/LayoutArtifacts/SemiStructuredStencil/.dacecache/kernel_transposed_22ad55a230148b401762e8e04f3933fd/src/cpu/kernel_transposed.cpp:111:9: warning: ignoring return value of function declared with 'nodiscard' attribute [-Wunused-result]
  111 |         hipEventElapsedTime(&__dace_ms_0_2_2, __dace_ev_b0_2_2, __dace_ev_e0_2_2);
      |         ^~~~~~~~~~~~~~~~~~~ ~~~~~~~~~~~~~~~~~~~~~~~~~~~~~~~~~~~~~~~~~~~~~~~~~~~~
/capstor/scratch/cscs/ybudanaz/LayoutArtifacts/SemiStructuredStencil/.dacecache/kernel_transposed_22ad55a230148b401762e8e04f3933fd/src/cpu/kernel_transposed.cpp:116:9: warning: ignoring return value of function declared with 'nodiscard' attribute [-Wunused-result]
  116 |         hipEventRecord(__dace_ev_b0_2_7, __state->gpu_context->streams[1]);
      |         ^~~~~~~~~~~~~~ ~~~~~~~~~~~~~~~~~~~~~~~~~~~~~~~~~~~~~~~~~~~~~~~~~~
/capstor/scratch/cscs/ybudanaz/LayoutArtifacts/SemiStructuredStencil/.dacecache/kernel_transposed_22ad55a230148b401762e8e04f3933fd/src/cpu/kernel_transposed.cpp:118:9: warning: ignoring return value of function declared with 'nodiscard' attribute [-Wunused-result]
  118 |         hipEventRecord(__dace_ev_e0_2_7, __state->gpu_context->streams[1]);
      |         ^~~~~~~~~~~~~~ ~~~~~~~~~~~~~~~~~~~~~~~~~~~~~~~~~~~~~~~~~~~~~~~~~~
/capstor/scratch/cscs/ybudanaz/LayoutArtifacts/SemiStructuredStencil/.dacecache/kernel_transposed_22ad55a230148b401762e8e04f3933fd/src/cpu/kernel_transposed.cpp:120:9: warning: ignoring return value of function declared with 'nodiscard' attribute [-Wunused-result]
  120 |         hipEventSynchronize(__dace_ev_e0_2_7);
      |         ^~~~~~~~~~~~~~~~~~~ ~~~~~~~~~~~~~~~~
/capstor/scratch/cscs/ybudanaz/LayoutArtifacts/SemiStructuredStencil/.dacecache/kernel_transposed_22ad55a230148b401762e8e04f3933fd/src/cpu/kernel_transposed.cpp:121:9: warning: ignoring return value of function declared with 'nodiscard' attribute [-Wunused-result]
  121 |         hipEventElapsedTime(&__dace_ms_0_2_7, __dace_ev_b0_2_7, __dace_ev_e0_2_7);
      |         ^~~~~~~~~~~~~~~~~~~ ~~~~~~~~~~~~~~~~~~~~~~~~~~~~~~~~~~~~~~~~~~~~~~~~~~~~
/capstor/scratch/cscs/ybudanaz/LayoutArtifacts/SemiStructuredStencil/.dacecache/kernel_transposed_22ad55a230148b401762e8e04f3933fd/src/cpu/kernel_transposed.cpp:129:9: warning: ignoring return value of function declared with 'nodiscard' attribute [-Wunused-result]
  129 |         hipEventDestroy(__dace_ev_b0_2_2);
      |         ^~~~~~~~~~~~~~~ ~~~~~~~~~~~~~~~~
/capstor/scratch/cscs/ybudanaz/LayoutArtifacts/SemiStructuredStencil/.dacecache/kernel_transposed_22ad55a230148b401762e8e04f3933fd/src/cpu/kernel_transposed.cpp:130:9: warning: ignoring return value of function declared with 'nodiscard' attribute [-Wunused-result]
  130 |         hipEventDestroy(__dace_ev_e0_2_2);
      |         ^~~~~~~~~~~~~~~ ~~~~~~~~~~~~~~~~
/capstor/scratch/cscs/ybudanaz/LayoutArtifacts/SemiStructuredStencil/.dacecache/kernel_transposed_22ad55a230148b401762e8e04f3933fd/src/cpu/kernel_transposed.cpp:131:9: warning: ignoring return value of function declared with 'nodiscard' attribute [-Wunused-result]
  131 |         hipEventDestroy(__dace_ev_b0_2_7);
      |         ^~~~~~~~~~~~~~~ ~~~~~~~~~~~~~~~~
/capstor/scratch/cscs/ybudanaz/LayoutArtifacts/SemiStructuredStencil/.dacecache/kernel_transposed_22ad55a230148b401762e8e04f3933fd/src/cpu/kernel_transposed.cpp:132:9: warning: ignoring return value of function declared with 'nodiscard' attribute [-Wunused-result]
  132 |         hipEventDestroy(__dace_ev_e0_2_7);
      |         ^~~~~~~~~~~~~~~ ~~~~~~~~~~~~~~~~
40 warnings generated.
[ 40%] Building HIP object CMakeFiles/kernel_transposed.dir/capstor/scratch/cscs/ybudanaz/LayoutArtifacts/SemiStructuredStencil/.dacecache/kernel_transposed_22ad55a230148b401762e8e04f3933fd/src/cuda/hip/kernel_transposed_cuda.cpp.o
In file included from /capstor/scratch/cscs/ybudanaz/LayoutArtifacts/SemiStructuredStencil/.dacecache/kernel_transposed_22ad55a230148b401762e8e04f3933fd/src/cuda/hip/kernel_transposed_cuda.cpp:3:
In file included from /capstor/scratch/cscs/ybudanaz/dace/dace/codegen/../runtime/include/dace/dace.h:17:
/capstor/scratch/cscs/ybudanaz/dace/dace/codegen/../runtime/include/dace/math.h:19:14: fatal error: 'thrust/complex.h' file not found
   19 |     #include <thrust/complex.h>
      |              ^~~~~~~~~~~~~~~~~~
1 error generated when compiling for gfx942.
gmake[2]: *** [CMakeFiles/kernel_transposed.dir/build.make:89: CMakeFiles/kernel_transposed.dir/capstor/scratch/cscs/ybudanaz/LayoutArtifacts/SemiStructuredStencil/.dacecache/kernel_transposed_22ad55a230148b401762e8e04f3933fd/src/cuda/hip/kernel_transposed_cuda.cpp.o] Error 1
gmake[1]: *** [CMakeFiles/Makefile2:85: CMakeFiles/kernel_transposed.dir/all] Error 2
gmake: *** [Makefile:91: all] Error 2

